# JRE version: OpenJDK Runtime Environment (16.0.2+7) (build 16.0.2+7-67)
# Java VM: OpenJDK 64-Bit Server VM (16.0.2+7-67, mixed mode, tiered, compressed oops, compressed class ptrs, g1 gc, bsd-amd64)
GC Precious Log:
 CPUs: 8 total, 8 available
 Memory: 16384M
 Large Page Support: Disabled
 NUMA Support: Disabled
 Compressed Oops: Enabled (32-bit)
 Heap Region Size: 1M
 Heap Min Capacity: 256M
 Heap Initial Capacity: 256M
 Heap Max Capacity: 2G
 Pre-touch: Disabled
 Parallel Workers: 8
 Concurrent Workers: 2
 Concurrent Refinement Workers: 8
 Periodic GC: Disabled
Heap:
 garbage-first heap   total 372736K, used 149324K [0x0000000080000000, 0x0000000100000000)
  region size 1024K, 28 young (28672K), 11 survivors (11264K)
 Metaspace       used 141022K, committed 143744K, reserved 1179648K
  class space    used 14968K, committed 16064K, reserved 1048576K
GC Heap History (20 events):
Event: 24973.030 GC heap before
{Heap before GC invocations=311 (full 0):
 garbage-first heap   total 372736K, used 162397K [0x0000000080000000, 0x0000000100000000)
  region size 1024K, 57 young (58368K), 11 survivors (11264K)
 Metaspace       used 140911K, committed 143616K, reserved 1179648K
  class space    used 14963K, committed 16064K, reserved 1048576K
}
Event: 24973.041 GC heap after
{Heap after GC invocations=312 (full 0):
 garbage-first heap   total 372736K, used 122897K [0x0000000080000000, 0x0000000100000000)
  region size 1024K, 12 young (12288K), 12 survivors (12288K)
 Metaspace       used 140911K, committed 143616K, reserved 1179648K
  class space    used 14963K, committed 16064K, reserved 1048576K
}
Event: 24997.805 GC heap before
{Heap before GC invocations=313 (full 0):
 garbage-first heap   total 372736K, used 203793K [0x0000000080000000, 0x0000000100000000)
  region size 1024K, 90 young (92160K), 12 survivors (12288K)
 Metaspace       used 140919K, committed 143616K, reserved 1179648K
  class space    used 14963K, committed 16064K, reserved 1048576K
}
Event: 24997.815 GC heap after
{Heap after GC invocations=314 (full 0):
 garbage-first heap   total 372736K, used 130211K [0x0000000080000000, 0x0000000100000000)
  region size 1024K, 11 young (11264K), 11 survivors (11264K)
 Metaspace       used 140919K, committed 143616K, reserved 1179648K
  class space    used 14963K, committed 16064K, reserved 1048576K
}
Event: 25019.277 GC heap before
{Heap before GC invocations=315 (full 0):
 garbage-first heap   total 372736K, used 205987K [0x0000000080000000, 0x0000000100000000)
  region size 1024K, 87 young (89088K), 11 survivors (11264K)
 Metaspace       used 140930K, committed 143616K, reserved 1179648K
  class space    used 14963K, committed 16064K, reserved 1048576K
}
Event: 25019.285 GC heap after
{Heap after GC invocations=316 (full 0):
 garbage-first heap   total 372736K, used 135394K [0x0000000080000000, 0x0000000100000000)
  region size 1024K, 12 young (12288K), 12 survivors (12288K)
 Metaspace       used 140930K, committed 143616K, reserved 1179648K
  class space    used 14963K, committed 16064K, reserved 1048576K
}
Event: 25192.470 GC heap before
{Heap before GC invocations=317 (full 0):
 garbage-first heap   total 372736K, used 265442K [0x0000000080000000, 0x0000000100000000)
  region size 1024K, 135 young (138240K), 12 survivors (12288K)
 Metaspace       used 140956K, committed 143680K, reserved 1179648K
  class space    used 14963K, committed 16064K, reserved 1048576K
}
Event: 25192.481 GC heap after
{Heap after GC invocations=318 (full 0):
 garbage-first heap   total 372736K, used 141635K [0x0000000080000000, 0x0000000100000000)
  region size 1024K, 12 young (12288K), 12 survivors (12288K)
 Metaspace       used 140956K, committed 143680K, reserved 1179648K
  class space    used 14963K, committed 16064K, reserved 1048576K
}
Event: 25194.053 GC heap before
{Heap before GC invocations=318 (full 0):
 garbage-first heap   total 372736K, used 147779K [0x0000000080000000, 0x0000000100000000)
  region size 1024K, 18 young (18432K), 12 survivors (12288K)
 Metaspace       used 140956K, committed 143680K, reserved 1179648K
  class space    used 14963K, committed 16064K, reserved 1048576K
}
Event: 25194.071 GC heap after
{Heap after GC invocations=319 (full 0):
 garbage-first heap   total 372736K, used 118444K [0x0000000080000000, 0x0000000100000000)
  region size 1024K, 2 young (2048K), 2 survivors (2048K)
 Metaspace       used 140956K, committed 143680K, reserved 1179648K
  class space    used 14963K, committed 16064K, reserved 1048576K
}
Event: 25211.011 GC heap before
{Heap before GC invocations=319 (full 0):
 garbage-first heap   total 372736K, used 161452K [0x0000000080000000, 0x0000000100000000)
  region size 1024K, 46 young (47104K), 2 survivors (2048K)
 Metaspace       used 140957K, committed 143680K, reserved 1179648K
  class space    used 14963K, committed 16064K, reserved 1048576K
}
Event: 25211.015 GC heap after
{Heap after GC invocations=320 (full 0):
 garbage-first heap   total 372736K, used 120922K [0x0000000080000000, 0x0000000100000000)
  region size 1024K, 5 young (5120K), 5 survivors (5120K)
 Metaspace       used 140957K, committed 143680K, reserved 1179648K
  class space    used 14963K, committed 16064K, reserved 1048576K
}
Event: 25368.144 GC heap before
{Heap before GC invocations=321 (full 0):
 garbage-first heap   total 372736K, used 221274K [0x0000000080000000, 0x0000000100000000)
  region size 1024K, 113 young (115712K), 5 survivors (5120K)
 Metaspace       used 140965K, committed 143680K, reserved 1179648K
  class space    used 14963K, committed 16064K, reserved 1048576K
}
Event: 25368.153 GC heap after
{Heap after GC invocations=322 (full 0):
 garbage-first heap   total 372736K, used 126269K [0x0000000080000000, 0x0000000100000000)
  region size 1024K, 19 young (19456K), 19 survivors (19456K)
 Metaspace       used 140965K, committed 143680K, reserved 1179648K
  class space    used 14963K, committed 16064K, reserved 1048576K
}
Event: 25374.176 GC heap before
{Heap before GC invocations=323 (full 0):
 garbage-first heap   total 372736K, used 158013K [0x0000000080000000, 0x0000000100000000)
  region size 1024K, 48 young (49152K), 19 survivors (19456K)
 Metaspace       used 140966K, committed 143680K, reserved 1179648K
  class space    used 14963K, committed 16064K, reserved 1048576K
}
Event: 25374.188 GC heap after
{Heap after GC invocations=324 (full 0):
 garbage-first heap   total 372736K, used 124819K [0x0000000080000000, 0x0000000100000000)
  region size 1024K, 11 young (11264K), 11 survivors (11264K)
 Metaspace       used 140966K, committed 143680K, reserved 1179648K
  class space    used 14963K, committed 16064K, reserved 1048576K
}
Event: 25378.312 GC heap before
{Heap before GC invocations=325 (full 0):
 garbage-first heap   total 372736K, used 150419K [0x0000000080000000, 0x0000000100000000)
  region size 1024K, 36 young (36864K), 11 survivors (11264K)
 Metaspace       used 140966K, committed 143680K, reserved 1179648K
  class space    used 14963K, committed 16064K, reserved 1048576K
}
Event: 25378.319 GC heap after
{Heap after GC invocations=326 (full 0):
 garbage-first heap   total 372736K, used 131271K [0x0000000080000000, 0x0000000100000000)
  region size 1024K, 11 young (11264K), 11 survivors (11264K)
 Metaspace       used 140966K, committed 143680K, reserved 1179648K
  class space    used 14963K, committed 16064K, reserved 1048576K
}
Event: 25389.713 GC heap before
{Heap before GC invocations=327 (full 0):
 garbage-first heap   total 372736K, used 160967K [0x0000000080000000, 0x0000000100000000)
  region size 1024K, 43 young (44032K), 11 survivors (11264K)
 Metaspace       used 140969K, committed 143680K, reserved 1179648K
  class space    used 14963K, committed 16064K, reserved 1048576K
}
Event: 25389.720 GC heap after
{Heap after GC invocations=328 (full 0):
 garbage-first heap   total 372736K, used 133964K [0x0000000080000000, 0x0000000100000000)
  region size 1024K, 11 young (11264K), 11 survivors (11264K)
 Metaspace       used 140969K, committed 143680K, reserved 1179648K
  class space    used 14963K, committed 16064K, reserved 1048576K
}

